<?xml version="1.0" encoding="UTF-8"?>
<testng-results ignored="0" total="1" passed="1" failed="0" skipped="0">
  <reporter-output>
  </reporter-output>
  <suite started-at="2023-02-23T10:55:04 IST" name="Default suite" finished-at="2023-02-23T10:55:15 IST" duration-ms="11081">
    <groups>
    </groups>
    <test started-at="2023-02-23T10:55:04 IST" name="Default test" finished-at="2023-02-23T10:55:15 IST" duration-ms="11081">
      <class name="Seleniumtesting.Seleniumtesting.Demo">
        <test-method is-config="true" signature="verify()[pri:0, instance:Seleniumtesting.Seleniumtesting.Demo@235834f2]" started-at="2023-02-23T10:55:04 IST" name="verify" finished-at="2023-02-23T10:55:15 IST" duration-ms="10652" status="PASS">
          <reporter-output>
          </reporter-output>
        </test-method> <!-- verify -->
        <test-method signature="check()[pri:0, instance:Seleniumtesting.Seleniumtesting.Demo@235834f2]" started-at="2023-02-23T10:55:15 IST" name="check" finished-at="2023-02-23T10:55:15 IST" duration-ms="49" status="PASS">
          <reporter-output>
          </reporter-output>
        </test-method> <!-- check -->
        <test-method is-config="true" signature="close()[pri:0, instance:Seleniumtesting.Seleniumtesting.Demo@235834f2]" started-at="2023-02-23T10:55:15 IST" name="close" finished-at="2023-02-23T10:55:15 IST" duration-ms="247" status="PASS">
          <reporter-output>
          </reporter-output>
        </test-method> <!-- close -->
      </class> <!-- Seleniumtesting.Seleniumtesting.Demo -->
    </test> <!-- Default test -->
  </suite> <!-- Default suite -->
</testng-results>
